#-----------------------------------------------------------
# Vivado v2018.2 (64-bit)
# SW Build 2258646 on Thu Jun 14 20:03:12 MDT 2018
# IP Build 2256618 on Thu Jun 14 22:10:49 MDT 2018
# Start of session at: Tue Jun  7 20:25:34 2022
# Process ID: 13580
# Current directory: D:/study/coding practice/verilog/shiyan3
# Command line: vivado.exe -gui_launcher_event rodinguilauncherevent5028 D:\study\coding practice\verilog\shiyan3\shiyan3.xpr
# Log file: D:/study/coding practice/verilog/shiyan3/vivado.log
# Journal file: D:/study/coding practice/verilog/shiyan3\vivado.jou
#-----------------------------------------------------------
start_gui
open_project {D:/study/coding practice/verilog/shiyan3/shiyan3.xpr}
Scanning sources...
Finished scanning sources
INFO: [IP_Flow 19-234] Refreshing IP repositories
INFO: [IP_Flow 19-1704] No user IP repositories specified
INFO: [IP_Flow 19-2313] Loaded Vivado IP repository 'D:/users/vivado2018/Vivado/2018.2/data/ip'.
update_compile_order -fileset sources_1
exit
INFO: [Common 17-206] Exiting Vivado at Tue Jun  7 22:15:47 2022...
