Vivado Simulator 2018.2
Copyright 1986-1999, 2001-2018 Xilinx, Inc. All Rights Reserved.
Running: D:/users/vivado2018/Vivado/2018.2/bin/unwrapped/win64.o/xelab.exe -wto 301b0856d22942519d99861c9fd62ce6 --incr --debug typical --relax --mt 2 --maxdelay -L xil_defaultlib -L simprims_ver -L secureip --snapshot lab1_tb_time_impl -transport_int_delays -pulse_r 0 -pulse_int_r 0 -pulse_e 0 -pulse_int_e 0 xil_defaultlib.lab1_tb xil_defaultlib.glbl -log elaborate.log 
Using 2 slave threads.
Starting static elaboration
Completed static elaboration
Starting simulation data flow analysis
Completed simulation data flow analysis
INFO: [XSIM 43-3451] SDF backannotation process started with SDF file "lab1_tb_time_impl.sdf", for root module "lab1_tb/dut".
INFO: [XSIM 43-3452] SDF backannotation was successful for SDF file "lab1_tb_time_impl.sdf", for root module "lab1_tb/dut".
Time Resolution for simulation is 1ps
Compiling module simprims_ver.OBUF
Compiling module simprims_ver.x_lut1_mux2
Compiling module simprims_ver.LUT1
Compiling module simprims_ver.x_lut2_mux4
Compiling module simprims_ver.LUT2
Compiling module simprims_ver.x_lut3_mux8
Compiling module simprims_ver.LUT3
Compiling module simprims_ver.IBUF
Compiling module xil_defaultlib.lab1
Compiling module xil_defaultlib.lab1_tb
Compiling module xil_defaultlib.glbl
Built simulation snapshot lab1_tb_time_impl
