#-----------------------------------------------------------
# Vivado v2018.2 (64-bit)
# SW Build 2258646 on Thu Jun 14 20:03:12 MDT 2018
# IP Build 2256618 on Thu Jun 14 22:10:49 MDT 2018
# Start of session at: Wed Sep  7 16:27:28 2022
# Process ID: 6944
# Current directory: E:/study/coding practice/verilog/shiyan4
# Command line: vivado.exe -gui_launcher_event rodinguilauncherevent20436 E:\study\coding practice\verilog\shiyan4\shiyan4.xpr
# Log file: E:/study/coding practice/verilog/shiyan4/vivado.log
# Journal file: E:/study/coding practice/verilog/shiyan4\vivado.jou
#-----------------------------------------------------------
start_gui
open_project {E:/study/coding practice/verilog/shiyan4/shiyan4.xpr}
INFO: [Project 1-313] Project file moved from 'D:/study/coding practice/verilog/shiyan4' since last save.
Scanning sources...
Finished scanning sources
INFO: [IP_Flow 19-234] Refreshing IP repositories
INFO: [IP_Flow 19-1704] No user IP repositories specified
INFO: [IP_Flow 19-2313] Loaded Vivado IP repository 'D:/users/vivado2018/Vivado/2018.2/data/ip'.
open_project: Time (s): cpu = 00:00:11 ; elapsed = 00:00:05 . Memory (MB): peak = 876.699 ; gain = 136.168
